mode: set
github.com/arl/evolve/operator/pipeline.go:16.32,18.25 1 1
github.com/arl/evolve/operator/pipeline.go:21.2,21.12 1 1
github.com/arl/evolve/operator/pipeline.go:18.25,20.3 1 1
github.com/arl/evolve/condition/elapsed_time.go:14.73,16.2 1 1
github.com/arl/evolve/condition/elapsed_time.go:19.40,21.2 1 0
github.com/arl/evolve/condition/generation_count.go:15.77,17.2 1 1
github.com/arl/evolve/condition/generation_count.go:20.44,22.2 1 0
github.com/arl/evolve/condition/target_fitness.go:17.71,18.16 1 1
github.com/arl/evolve/condition/target_fitness.go:21.2,21.39 1 1
github.com/arl/evolve/condition/target_fitness.go:18.16,20.3 1 1
github.com/arl/evolve/condition/target_fitness.go:25.41,27.2 1 0
github.com/arl/evolve/condition/user_abort.go:17.32,22.2 1 1
github.com/arl/evolve/condition/user_abort.go:25.63,29.2 3 1
github.com/arl/evolve/condition/user_abort.go:32.30,36.2 3 1
github.com/arl/evolve/condition/user_abort.go:39.30,43.2 3 1
github.com/arl/evolve/condition/user_abort.go:46.34,46.59 1 0
github.com/arl/evolve/example/sudoku/sudoku.go:18.34,20.19 2 0
github.com/arl/evolve/example/sudoku/sudoku.go:30.2,30.21 1 0
github.com/arl/evolve/example/sudoku/sudoku.go:20.19,22.26 2 0
github.com/arl/evolve/example/sudoku/sudoku.go:25.3,26.17 2 0
github.com/arl/evolve/example/sudoku/sudoku.go:22.26,24.4 1 0
github.com/arl/evolve/example/sudoku/sudoku.go:26.17,28.4 1 0
github.com/arl/evolve/example/sudoku/sudoku.go:39.71,48.34 4 1
github.com/arl/evolve/example/sudoku/sudoku.go:57.2,57.40 1 1
github.com/arl/evolve/example/sudoku/sudoku.go:68.2,68.25 1 1
github.com/arl/evolve/example/sudoku/sudoku.go:48.34,49.35 1 1
github.com/arl/evolve/example/sudoku/sudoku.go:52.3,53.34 2 1
github.com/arl/evolve/example/sudoku/sudoku.go:49.35,51.4 1 1
github.com/arl/evolve/example/sudoku/sudoku.go:57.40,58.44 1 1
github.com/arl/evolve/example/sudoku/sudoku.go:58.44,59.41 1 1
github.com/arl/evolve/example/sudoku/sudoku.go:64.4,65.35 2 1
github.com/arl/evolve/example/sudoku/sudoku.go:59.41,60.44 1 1
github.com/arl/evolve/example/sudoku/sudoku.go:60.44,62.6 1 1
github.com/arl/evolve/example/sudoku/sudoku.go:71.35,71.51 1 0
github.com/arl/evolve/example/sudoku/factory.go:30.57,31.26 1 1
github.com/arl/evolve/example/sudoku/factory.go:35.2,38.28 2 1
github.com/arl/evolve/example/sudoku/factory.go:43.2,43.36 1 1
github.com/arl/evolve/example/sudoku/factory.go:70.2,70.17 1 1
github.com/arl/evolve/example/sudoku/factory.go:31.26,33.3 1 1
github.com/arl/evolve/example/sudoku/factory.go:38.28,41.3 2 1
github.com/arl/evolve/example/sudoku/factory.go:43.36,46.24 2 1
github.com/arl/evolve/example/sudoku/factory.go:49.3,49.34 1 1
github.com/arl/evolve/example/sudoku/factory.go:46.24,48.4 1 1
github.com/arl/evolve/example/sudoku/factory.go:49.34,51.11 2 1
github.com/arl/evolve/example/sudoku/factory.go:52.30,58.44 4 1
github.com/arl/evolve/example/sudoku/factory.go:64.18,64.18 0 1
github.com/arl/evolve/example/sudoku/factory.go:65.12,66.41 1 1
github.com/arl/evolve/example/sudoku/factory.go:58.44,59.21 1 1
github.com/arl/evolve/example/sudoku/factory.go:59.21,61.12 2 1
github.com/arl/evolve/example/sudoku/factory.go:76.60,82.33 3 1
github.com/arl/evolve/example/sudoku/factory.go:99.2,99.14 1 1
github.com/arl/evolve/example/sudoku/factory.go:82.33,85.44 2 1
github.com/arl/evolve/example/sudoku/factory.go:89.3,90.37 2 1
github.com/arl/evolve/example/sudoku/factory.go:85.44,87.4 1 1
github.com/arl/evolve/example/sudoku/factory.go:90.37,92.27 1 1
github.com/arl/evolve/example/sudoku/factory.go:92.27,96.5 3 1
github.com/arl/evolve/example/sudoku/main.go:24.41,25.16 1 0
github.com/arl/evolve/example/sudoku/main.go:25.16,26.18 1 0
github.com/arl/evolve/example/sudoku/main.go:26.18,28.4 1 0
github.com/arl/evolve/example/sudoku/main.go:32.48,34.16 2 0
github.com/arl/evolve/example/sudoku/main.go:37.2,37.15 1 0
github.com/arl/evolve/example/sudoku/main.go:41.2,42.9 2 0
github.com/arl/evolve/example/sudoku/main.go:48.2,48.19 1 0
github.com/arl/evolve/example/sudoku/main.go:34.16,36.3 1 0
github.com/arl/evolve/example/sudoku/main.go:37.15,39.3 1 0
github.com/arl/evolve/example/sudoku/main.go:43.18,44.18 1 0
github.com/arl/evolve/example/sudoku/main.go:45.23,46.44 1 0
github.com/arl/evolve/example/sudoku/main.go:51.47,53.16 2 0
github.com/arl/evolve/example/sudoku/main.go:56.2,56.15 1 0
github.com/arl/evolve/example/sudoku/main.go:60.2,63.15 3 0
github.com/arl/evolve/example/sudoku/main.go:66.2,66.24 1 0
github.com/arl/evolve/example/sudoku/main.go:53.16,55.3 1 0
github.com/arl/evolve/example/sudoku/main.go:56.15,58.3 1 0
github.com/arl/evolve/example/sudoku/main.go:63.15,65.3 1 0
github.com/arl/evolve/example/sudoku/main.go:69.42,86.63 9 0
github.com/arl/evolve/example/sudoku/main.go:95.2,122.12 10 0
github.com/arl/evolve/example/sudoku/main.go:86.63,88.30 1 0
github.com/arl/evolve/example/sudoku/main.go:91.3,92.62 1 0
github.com/arl/evolve/example/sudoku/main.go:88.30,90.4 1 0
github.com/arl/evolve/example/sudoku/main.go:125.13,130.16 4 0
github.com/arl/evolve/example/sudoku/main.go:134.2,134.28 1 0
github.com/arl/evolve/example/sudoku/main.go:138.2,140.46 3 0
github.com/arl/evolve/example/sudoku/main.go:144.2,144.32 1 0
github.com/arl/evolve/example/sudoku/main.go:148.2,149.16 2 0
github.com/arl/evolve/example/sudoku/main.go:153.2,154.16 2 0
github.com/arl/evolve/example/sudoku/main.go:130.16,132.3 1 0
github.com/arl/evolve/example/sudoku/main.go:134.28,136.3 1 0
github.com/arl/evolve/example/sudoku/main.go:140.46,143.3 2 0
github.com/arl/evolve/example/sudoku/main.go:144.32,146.3 1 0
github.com/arl/evolve/example/sudoku/main.go:149.16,151.3 1 0
github.com/arl/evolve/example/sudoku/main.go:154.16,156.3 1 0
github.com/arl/evolve/example/sudoku/operators.go:15.94,21.36 4 1
github.com/arl/evolve/example/sudoku/operators.go:31.2,31.36 1 1
github.com/arl/evolve/example/sudoku/operators.go:21.36,26.29 2 1
github.com/arl/evolve/example/sudoku/operators.go:26.29,28.4 1 1
github.com/arl/evolve/example/sudoku/operators.go:64.36,70.2 1 1
github.com/arl/evolve/example/sudoku/operators.go:72.53,73.38 1 1
github.com/arl/evolve/example/sudoku/operators.go:76.2,78.12 3 1
github.com/arl/evolve/example/sudoku/operators.go:73.38,75.3 1 1
github.com/arl/evolve/example/sudoku/operators.go:81.62,82.49 1 0
github.com/arl/evolve/example/sudoku/operators.go:85.2,88.12 4 0
github.com/arl/evolve/example/sudoku/operators.go:82.49,84.3 1 0
github.com/arl/evolve/example/sudoku/operators.go:91.50,92.38 1 1
github.com/arl/evolve/example/sudoku/operators.go:95.2,97.12 3 1
github.com/arl/evolve/example/sudoku/operators.go:92.38,94.3 1 1
github.com/arl/evolve/example/sudoku/operators.go:100.59,101.49 1 0
github.com/arl/evolve/example/sudoku/operators.go:104.2,107.12 4 0
github.com/arl/evolve/example/sudoku/operators.go:101.49,103.3 1 0
github.com/arl/evolve/example/sudoku/operators.go:112.79,113.16 1 1
github.com/arl/evolve/example/sudoku/operators.go:116.2,117.27 2 1
github.com/arl/evolve/example/sudoku/operators.go:120.2,120.15 1 1
github.com/arl/evolve/example/sudoku/operators.go:113.16,115.3 1 1
github.com/arl/evolve/example/sudoku/operators.go:117.27,119.3 1 1
github.com/arl/evolve/example/sudoku/operators.go:123.49,124.34 1 1
github.com/arl/evolve/example/sudoku/operators.go:132.2,132.18 1 1
github.com/arl/evolve/example/sudoku/operators.go:124.34,125.35 1 1
github.com/arl/evolve/example/sudoku/operators.go:125.35,126.28 1 1
github.com/arl/evolve/example/sudoku/operators.go:126.28,129.5 2 1
github.com/arl/evolve/example/sudoku/operators.go:135.69,141.16 4 1
github.com/arl/evolve/example/sudoku/operators.go:145.2,145.15 1 1
github.com/arl/evolve/example/sudoku/operators.go:168.2,168.17 1 1
github.com/arl/evolve/example/sudoku/operators.go:141.16,143.3 1 0
github.com/arl/evolve/example/sudoku/operators.go:145.15,151.17 4 1
github.com/arl/evolve/example/sudoku/operators.go:154.3,160.57 2 1
github.com/arl/evolve/example/sudoku/operators.go:151.17,153.4 1 0
github.com/arl/evolve/example/sudoku/operators.go:160.57,165.4 2 1
github.com/arl/evolve/example/sudoku/operators.go:173.76,181.2 2 1
github.com/arl/evolve/example/sudoku/operators.go:185.79,193.2 2 1
github.com/arl/evolve/example/sudoku/operators.go:197.34,201.2 3 1
github.com/arl/evolve/generator/bitstring.go:14.57,16.16 2 1
github.com/arl/evolve/generator/bitstring.go:19.2,19.11 1 1
github.com/arl/evolve/generator/bitstring.go:16.16,17.13 1 0
github.com/arl/evolve/generator/string.go:31.62,32.20 1 1
github.com/arl/evolve/generator/string.go:35.2,35.55 1 1
github.com/arl/evolve/generator/string.go:39.2,42.8 1 1
github.com/arl/evolve/generator/string.go:32.20,34.3 1 1
github.com/arl/evolve/generator/string.go:35.55,37.3 1 1
github.com/arl/evolve/generator/string.go:46.57,48.34 2 1
github.com/arl/evolve/generator/string.go:51.2,51.18 1 1
github.com/arl/evolve/generator/string.go:48.34,50.3 1 1
github.com/arl/evolve/engine/generational.go:39.100,45.31 3 1
github.com/arl/evolve/engine/generational.go:50.2,57.57 4 1
github.com/arl/evolve/engine/generational.go:45.31,47.3 1 1
github.com/arl/evolve/engine/observer.go:23.60,23.90 1 1
github.com/arl/evolve/engine/observer.go:25.72,25.87 1 1
github.com/arl/evolve/engine/engine.go:33.126,40.30 2 1
github.com/arl/evolve/engine/engine.go:46.2,46.20 1 1
github.com/arl/evolve/engine/engine.go:50.2,50.18 1 1
github.com/arl/evolve/engine/engine.go:40.30,41.35 1 0
github.com/arl/evolve/engine/engine.go:41.35,43.4 1 0
github.com/arl/evolve/engine/engine.go:46.20,49.3 2 1
github.com/arl/evolve/engine/engine.go:54.42,56.2 1 1
github.com/arl/evolve/engine/engine.go:59.45,61.2 1 1
github.com/arl/evolve/engine/engine.go:64.47,65.33 1 0
github.com/arl/evolve/engine/engine.go:65.33,68.3 2 0
github.com/arl/evolve/engine/engine.go:72.46,73.33 1 0
github.com/arl/evolve/engine/engine.go:73.33,76.3 2 0
github.com/arl/evolve/engine/engine.go:88.40,89.33 1 1
github.com/arl/evolve/engine/engine.go:89.33,90.29 1 1
github.com/arl/evolve/engine/engine.go:93.3,94.13 2 1
github.com/arl/evolve/engine/engine.go:90.29,92.4 1 1
github.com/arl/evolve/engine/engine.go:101.53,102.33 1 1
github.com/arl/evolve/engine/engine.go:102.33,105.3 2 1
github.com/arl/evolve/engine/engine.go:110.55,111.33 1 1
github.com/arl/evolve/engine/engine.go:111.33,114.3 2 1
github.com/arl/evolve/engine/engine.go:127.117,129.30 2 1
github.com/arl/evolve/engine/engine.go:135.2,135.18 1 1
github.com/arl/evolve/engine/engine.go:138.2,138.23 1 1
github.com/arl/evolve/engine/engine.go:143.2,149.16 5 1
github.com/arl/evolve/engine/engine.go:153.2,158.6 3 1
github.com/arl/evolve/engine/engine.go:180.2,180.30 1 1
github.com/arl/evolve/engine/engine.go:129.30,130.32 1 1
github.com/arl/evolve/engine/engine.go:130.32,132.4 1 1
github.com/arl/evolve/engine/engine.go:135.18,137.3 1 1
github.com/arl/evolve/engine/engine.go:138.23,140.3 1 1
github.com/arl/evolve/engine/engine.go:149.16,151.3 1 0
github.com/arl/evolve/engine/engine.go:158.6,160.25 1 1
github.com/arl/evolve/engine/engine.go:167.3,171.23 3 1
github.com/arl/evolve/engine/engine.go:176.3,178.9 2 1
github.com/arl/evolve/engine/engine.go:160.25,162.4 1 1
github.com/arl/evolve/engine/engine.go:162.9,164.4 1 0
github.com/arl/evolve/engine/engine.go:171.23,172.9 1 1
github.com/arl/evolve/engine/engine.go:183.109,186.27 2 1
github.com/arl/evolve/engine/engine.go:191.2,203.23 2 1
github.com/arl/evolve/engine/engine.go:206.2,206.14 1 1
github.com/arl/evolve/engine/engine.go:186.27,188.3 1 1
github.com/arl/evolve/engine/engine.go:203.23,205.3 1 1
github.com/arl/evolve/engine/engine.go:210.96,212.29 2 1
github.com/arl/evolve/engine/engine.go:217.2,217.25 1 1
github.com/arl/evolve/engine/engine.go:220.2,220.18 1 1
github.com/arl/evolve/engine/engine.go:212.29,213.29 1 1
github.com/arl/evolve/engine/engine.go:213.29,215.4 1 1
github.com/arl/evolve/engine/engine.go:217.25,219.3 1 1
github.com/arl/evolve/operator/mutation/mutation.go:41.33,46.2 1 1
github.com/arl/evolve/operator/mutation/mutation.go:52.49,53.30 1 1
github.com/arl/evolve/operator/mutation/mutation.go:56.2,58.12 3 1
github.com/arl/evolve/operator/mutation/mutation.go:53.30,55.3 1 0
github.com/arl/evolve/operator/mutation/mutation.go:69.58,70.41 1 0
github.com/arl/evolve/operator/mutation/mutation.go:73.2,76.12 4 0
github.com/arl/evolve/operator/mutation/mutation.go:70.41,72.3 1 0
github.com/arl/evolve/operator/mutation/mutation.go:81.76,83.27 2 1
github.com/arl/evolve/operator/mutation/mutation.go:86.2,86.15 1 1
github.com/arl/evolve/operator/mutation/mutation.go:83.27,85.3 1 1
github.com/arl/evolve/operator/mutation/string_mutation.go:12.48,16.2 3 1
github.com/arl/evolve/operator/mutation/string_mutation.go:23.76,30.16 5 1
github.com/arl/evolve/operator/mutation/string_mutation.go:34.2,34.24 1 1
github.com/arl/evolve/operator/mutation/string_mutation.go:39.2,39.23 1 1
github.com/arl/evolve/operator/mutation/string_mutation.go:30.16,32.3 1 0
github.com/arl/evolve/operator/mutation/string_mutation.go:34.24,35.27 1 1
github.com/arl/evolve/operator/mutation/string_mutation.go:35.27,37.4 1 1
github.com/arl/evolve/operator/mutation/bitstring_mutation.go:34.32,40.16 4 1
github.com/arl/evolve/operator/mutation/bitstring_mutation.go:43.2,43.14 1 1
github.com/arl/evolve/operator/mutation/bitstring_mutation.go:40.16,41.64 1 0
github.com/arl/evolve/operator/mutation/bitstring_mutation.go:51.51,52.38 1 0
github.com/arl/evolve/operator/mutation/bitstring_mutation.go:55.2,57.12 3 0
github.com/arl/evolve/operator/mutation/bitstring_mutation.go:52.38,54.3 1 0
github.com/arl/evolve/operator/mutation/bitstring_mutation.go:69.60,70.49 1 0
github.com/arl/evolve/operator/mutation/bitstring_mutation.go:73.2,76.12 4 0
github.com/arl/evolve/operator/mutation/bitstring_mutation.go:70.49,72.3 1 0
github.com/arl/evolve/operator/mutation/bitstring_mutation.go:83.72,86.16 2 1
github.com/arl/evolve/operator/mutation/bitstring_mutation.go:90.2,90.26 1 1
github.com/arl/evolve/operator/mutation/bitstring_mutation.go:106.2,106.10 1 1
github.com/arl/evolve/operator/mutation/bitstring_mutation.go:86.16,88.3 1 0
github.com/arl/evolve/operator/mutation/bitstring_mutation.go:90.26,95.17 4 1
github.com/arl/evolve/operator/mutation/bitstring_mutation.go:101.3,101.29 1 1
github.com/arl/evolve/operator/mutation/bitstring_mutation.go:104.3,104.17 1 1
github.com/arl/evolve/operator/mutation/bitstring_mutation.go:95.17,97.4 1 0
github.com/arl/evolve/operator/mutation/bitstring_mutation.go:97.9,99.4 1 1
github.com/arl/evolve/operator/mutation/bitstring_mutation.go:101.29,103.4 1 1
github.com/arl/evolve/evaluator.go:72.77,72.102 1 0
github.com/arl/evolve/evaluator.go:73.77,73.91 1 0
github.com/arl/evolve/evaluator.go:79.63,81.2 1 0
github.com/arl/evolve/population.go:20.31,20.48 1 0
github.com/arl/evolve/population.go:24.41,24.79 1 0
github.com/arl/evolve/population.go:27.36,27.63 1 0
github.com/arl/evolve/population.go:29.37,31.25 2 0
github.com/arl/evolve/population.go:38.2,38.55 1 0
github.com/arl/evolve/population.go:31.25,32.18 1 0
github.com/arl/evolve/population.go:32.18,34.4 1 0
github.com/arl/evolve/population.go:34.9,36.4 1 0
github.com/arl/evolve/dataset.go:22.40,31.2 1 1
github.com/arl/evolve/dataset.go:35.44,38.2 2 1
github.com/arl/evolve/dataset.go:42.49,44.34 2 1
github.com/arl/evolve/dataset.go:44.34,46.3 1 1
github.com/arl/evolve/dataset.go:51.28,58.2 6 0
github.com/arl/evolve/dataset.go:61.42,67.2 5 1
github.com/arl/evolve/dataset.go:69.35,70.25 1 1
github.com/arl/evolve/dataset.go:70.25,71.39 1 1
github.com/arl/evolve/dataset.go:76.30,78.2 1 1
github.com/arl/evolve/dataset.go:83.34,86.2 2 1
github.com/arl/evolve/dataset.go:91.34,94.2 2 1
github.com/arl/evolve/dataset.go:103.37,111.21 6 1
github.com/arl/evolve/dataset.go:114.2,114.54 1 1
github.com/arl/evolve/dataset.go:111.21,113.3 1 1
github.com/arl/evolve/dataset.go:120.34,123.2 2 1
github.com/arl/evolve/dataset.go:128.38,131.2 2 1
github.com/arl/evolve/dataset.go:143.45,146.2 2 1
github.com/arl/evolve/dataset.go:157.44,160.2 2 1
github.com/arl/evolve/dataset.go:172.43,175.2 2 1
github.com/arl/evolve/dataset.go:185.44,188.34 3 1
github.com/arl/evolve/dataset.go:191.2,191.40 1 1
github.com/arl/evolve/dataset.go:188.34,190.3 1 1
github.com/arl/evolve/dataset.go:206.39,208.2 1 1
github.com/arl/evolve/dataset.go:216.46,219.34 3 1
github.com/arl/evolve/dataset.go:223.2,223.16 1 1
github.com/arl/evolve/dataset.go:219.34,222.3 2 1
github.com/arl/evolve/dataset.go:235.48,237.2 1 1
github.com/arl/evolve/dataset.go:250.45,252.2 1 1
github.com/arl/evolve/dataset.go:264.54,266.2 1 1
github.com/arl/evolve/evaluation.go:14.85,17.17 2 0
github.com/arl/evolve/evaluation.go:50.2,50.14 1 0
github.com/arl/evolve/evaluation.go:17.17,20.33 2 0
github.com/arl/evolve/evaluation.go:20.33,25.4 1 0
github.com/arl/evolve/evaluation.go:27.8,34.22 4 0
github.com/arl/evolve/evaluation.go:45.3,45.11 1 0
github.com/arl/evolve/evaluation.go:34.22,35.19 1 0
github.com/arl/evolve/evaluation.go:35.19,42.5 3 0
github.com/arl/evolve/fitness_cache.go:36.77,39.8 3 1
github.com/arl/evolve/fitness_cache.go:45.2,45.16 1 1
github.com/arl/evolve/fitness_cache.go:39.8,41.3 1 1
github.com/arl/evolve/fitness_cache.go:41.8,44.3 2 1
github.com/arl/evolve/fitness_cache.go:50.41,50.73 1 1
github.com/arl/evolve/generator.go:29.61,29.78 1 0
github.com/arl/evolve/generator.go:36.81,38.29 2 1
github.com/arl/evolve/generator.go:41.2,41.12 1 1
github.com/arl/evolve/generator.go:38.29,40.3 1 1
github.com/arl/evolve/generator.go:52.107,53.24 1 1
github.com/arl/evolve/generator.go:59.2,59.38 1 1
github.com/arl/evolve/generator.go:62.2,62.19 1 1
github.com/arl/evolve/generator.go:53.24,55.3 1 1
github.com/arl/evolve/generator.go:59.38,61.3 1 1
github.com/arl/evolve/zero_evaluator.go:8.66,8.78 1 0
github.com/arl/evolve/zero_evaluator.go:12.39,12.54 1 0
github.com/arl/evolve/operator/xover/byteslice_mater.go:14.32,29.24 2 1
github.com/arl/evolve/operator/xover/byteslice_mater.go:32.2,36.36 3 1
github.com/arl/evolve/operator/xover/byteslice_mater.go:46.2,46.34 1 1
github.com/arl/evolve/operator/xover/byteslice_mater.go:29.24,30.67 1 1
github.com/arl/evolve/operator/xover/byteslice_mater.go:36.36,41.29 2 1
github.com/arl/evolve/operator/xover/byteslice_mater.go:41.29,44.4 1 1
github.com/arl/evolve/operator/xover/crossover.go:52.34,58.2 1 1
github.com/arl/evolve/operator/xover/crossover.go:64.48,65.38 1 1
github.com/arl/evolve/operator/xover/crossover.go:68.2,70.12 3 1
github.com/arl/evolve/operator/xover/crossover.go:65.38,67.3 1 1
github.com/arl/evolve/operator/xover/crossover.go:77.50,78.30 1 1
github.com/arl/evolve/operator/xover/crossover.go:81.2,83.12 3 1
github.com/arl/evolve/operator/xover/crossover.go:78.30,80.3 1 1
github.com/arl/evolve/operator/xover/crossover.go:94.57,95.49 1 1
github.com/arl/evolve/operator/xover/crossover.go:98.2,101.12 4 1
github.com/arl/evolve/operator/xover/crossover.go:95.49,97.3 1 1
github.com/arl/evolve/operator/xover/crossover.go:112.59,113.41 1 1
github.com/arl/evolve/operator/xover/crossover.go:116.2,119.12 4 1
github.com/arl/evolve/operator/xover/crossover.go:113.41,115.3 1 1
github.com/arl/evolve/operator/xover/crossover.go:131.77,138.44 3 1
github.com/arl/evolve/operator/xover/crossover.go:142.2,143.32 2 1
github.com/arl/evolve/operator/xover/crossover.go:179.2,179.12 1 1
github.com/arl/evolve/operator/xover/crossover.go:138.44,140.3 1 1
github.com/arl/evolve/operator/xover/crossover.go:143.32,146.23 3 1
github.com/arl/evolve/operator/xover/crossover.go:146.23,152.18 4 1
github.com/arl/evolve/operator/xover/crossover.go:156.4,157.28 2 1
github.com/arl/evolve/operator/xover/crossover.go:166.4,166.16 1 1
github.com/arl/evolve/operator/xover/crossover.go:152.18,154.5 1 0
github.com/arl/evolve/operator/xover/crossover.go:157.28,160.19 1 1
github.com/arl/evolve/operator/xover/crossover.go:160.19,162.6 1 0
github.com/arl/evolve/operator/xover/crossover.go:162.11,164.6 1 1
github.com/arl/evolve/operator/xover/crossover.go:166.16,168.5 1 1
github.com/arl/evolve/operator/xover/crossover.go:168.10,172.5 1 1
github.com/arl/evolve/operator/xover/crossover.go:173.9,177.4 1 1
github.com/arl/evolve/operator/xover/intslice_mater.go:13.32,17.24 2 1
github.com/arl/evolve/operator/xover/intslice_mater.go:20.2,26.35 5 1
github.com/arl/evolve/operator/xover/intslice_mater.go:36.2,36.34 1 1
github.com/arl/evolve/operator/xover/intslice_mater.go:17.24,18.67 1 1
github.com/arl/evolve/operator/xover/intslice_mater.go:26.35,31.29 2 1
github.com/arl/evolve/operator/xover/intslice_mater.go:31.29,34.4 1 1
github.com/arl/evolve/operator/xover/string_mater.go:14.32,17.24 2 1
github.com/arl/evolve/operator/xover/string_mater.go:21.2,24.36 2 1
github.com/arl/evolve/operator/xover/string_mater.go:34.2,34.50 1 1
github.com/arl/evolve/operator/xover/string_mater.go:17.24,18.64 1 1
github.com/arl/evolve/operator/xover/string_mater.go:24.36,29.29 2 1
github.com/arl/evolve/operator/xover/string_mater.go:29.29,32.4 1 1
github.com/arl/evolve/operator/xover/bitstring_mater.go:20.32,24.26 2 1
github.com/arl/evolve/operator/xover/bitstring_mater.go:27.2,31.36 3 1
github.com/arl/evolve/operator/xover/bitstring_mater.go:37.2,37.34 1 1
github.com/arl/evolve/operator/xover/bitstring_mater.go:24.26,25.52 1 1
github.com/arl/evolve/operator/xover/bitstring_mater.go:31.36,36.3 1 1
github.com/arl/evolve/pkg/bitstring/bitstring.go:38.42,43.16 2 1
github.com/arl/evolve/pkg/bitstring/bitstring.go:51.2,51.16 1 1
github.com/arl/evolve/pkg/bitstring/bitstring.go:43.16,50.3 3 1
github.com/arl/evolve/pkg/bitstring/bitstring.go:60.61,62.16 2 1
github.com/arl/evolve/pkg/bitstring/bitstring.go:67.2,67.36 1 1
github.com/arl/evolve/pkg/bitstring/bitstring.go:74.2,75.27 2 1
github.com/arl/evolve/pkg/bitstring/bitstring.go:80.2,80.16 1 1
github.com/arl/evolve/pkg/bitstring/bitstring.go:62.16,64.3 1 0
github.com/arl/evolve/pkg/bitstring/bitstring.go:67.36,69.3 1 1
github.com/arl/evolve/pkg/bitstring/bitstring.go:75.27,79.3 3 1
github.com/arl/evolve/pkg/bitstring/bitstring.go:85.54,87.16 2 1
github.com/arl/evolve/pkg/bitstring/bitstring.go:91.2,91.25 1 1
github.com/arl/evolve/pkg/bitstring/bitstring.go:101.2,101.16 1 1
github.com/arl/evolve/pkg/bitstring/bitstring.go:87.16,89.3 1 1
github.com/arl/evolve/pkg/bitstring/bitstring.go:91.25,92.12 1 1
github.com/arl/evolve/pkg/bitstring/bitstring.go:93.12,94.12 1 1
github.com/arl/evolve/pkg/bitstring/bitstring.go:95.12,96.34 1 1
github.com/arl/evolve/pkg/bitstring/bitstring.go:97.11,98.73 1 1
github.com/arl/evolve/pkg/bitstring/bitstring.go:105.32,107.2 1 1
github.com/arl/evolve/pkg/bitstring/bitstring.go:110.38,112.2 1 0
github.com/arl/evolve/pkg/bitstring/bitstring.go:121.38,127.2 4 1
github.com/arl/evolve/pkg/bitstring/bitstring.go:133.44,138.7 4 1
github.com/arl/evolve/pkg/bitstring/bitstring.go:138.7,140.3 1 1
github.com/arl/evolve/pkg/bitstring/bitstring.go:140.8,143.3 1 1
github.com/arl/evolve/pkg/bitstring/bitstring.go:152.37,158.2 4 1
github.com/arl/evolve/pkg/bitstring/bitstring.go:162.39,163.29 1 1
github.com/arl/evolve/pkg/bitstring/bitstring.go:163.29,164.28 1 1
github.com/arl/evolve/pkg/bitstring/bitstring.go:169.38,171.28 2 1
github.com/arl/evolve/pkg/bitstring/bitstring.go:177.2,177.14 1 1
github.com/arl/evolve/pkg/bitstring/bitstring.go:171.28,172.14 1 1
github.com/arl/evolve/pkg/bitstring/bitstring.go:172.14,175.4 2 1
github.com/arl/evolve/pkg/bitstring/bitstring.go:181.40,183.2 1 1
github.com/arl/evolve/pkg/bitstring/bitstring.go:186.40,188.48 2 1
github.com/arl/evolve/pkg/bitstring/bitstring.go:198.2,198.11 1 1
github.com/arl/evolve/pkg/bitstring/bitstring.go:188.48,196.83 1 0
github.com/arl/evolve/pkg/bitstring/bitstring.go:205.56,211.25 5 1
github.com/arl/evolve/pkg/bitstring/bitstring.go:216.2,218.31 3 1
github.com/arl/evolve/pkg/bitstring/bitstring.go:222.2,223.23 2 1
github.com/arl/evolve/pkg/bitstring/bitstring.go:211.25,214.3 2 1
github.com/arl/evolve/pkg/bitstring/bitstring.go:218.31,220.3 1 1
github.com/arl/evolve/pkg/bitstring/bitstring.go:223.23,225.3 1 1
github.com/arl/evolve/pkg/bitstring/bitstring.go:232.76,240.2 7 1
github.com/arl/evolve/pkg/bitstring/bitstring.go:243.38,245.33 2 1
github.com/arl/evolve/pkg/bitstring/bitstring.go:252.2,252.20 1 1
github.com/arl/evolve/pkg/bitstring/bitstring.go:245.33,246.16 1 1
github.com/arl/evolve/pkg/bitstring/bitstring.go:246.16,248.4 1 1
github.com/arl/evolve/pkg/bitstring/bitstring.go:248.9,250.4 1 1
github.com/arl/evolve/pkg/bitstring/bitstring.go:257.38,264.2 3 1
github.com/arl/evolve/pkg/bitstring/bitstring.go:268.52,269.9 1 1
github.com/arl/evolve/pkg/bitstring/bitstring.go:284.2,284.14 1 1
github.com/arl/evolve/pkg/bitstring/bitstring.go:270.19,271.14 1 1
github.com/arl/evolve/pkg/bitstring/bitstring.go:272.33,273.8 1 1
github.com/arl/evolve/pkg/bitstring/bitstring.go:274.33,275.8 1 0
github.com/arl/evolve/pkg/bitstring/bitstring.go:276.33,277.29 1 1
github.com/arl/evolve/pkg/bitstring/bitstring.go:282.3,282.14 1 1
github.com/arl/evolve/pkg/bitstring/bitstring.go:277.29,278.26 1 1
github.com/arl/evolve/pkg/bitstring/bitstring.go:278.26,280.5 1 1
github.com/arl/evolve/selection/sigma_scaling.go:25.66,27.2 1 1
github.com/arl/evolve/selection/sigma_scaling.go:53.32,56.27 2 1
github.com/arl/evolve/selection/sigma_scaling.go:60.2,61.27 2 1
github.com/arl/evolve/selection/sigma_scaling.go:71.2,71.59 1 1
github.com/arl/evolve/selection/sigma_scaling.go:56.27,58.3 1 1
github.com/arl/evolve/selection/sigma_scaling.go:61.27,70.3 2 1
github.com/arl/evolve/selection/sigma_scaling.go:74.37,74.63 1 0
github.com/arl/evolve/selection/sigma_scaling.go:76.108,77.35 1 1
github.com/arl/evolve/selection/sigma_scaling.go:80.2,84.23 2 1
github.com/arl/evolve/selection/sigma_scaling.go:87.2,87.12 1 0
github.com/arl/evolve/selection/sigma_scaling.go:77.35,79.3 1 1
github.com/arl/evolve/selection/sigma_scaling.go:84.23,86.3 1 1
github.com/arl/evolve/selection/stochastic_universal_sampling.go:36.32,40.27 2 1
github.com/arl/evolve/selection/stochastic_universal_sampling.go:44.2,53.27 3 1
github.com/arl/evolve/selection/stochastic_universal_sampling.go:67.2,67.12 1 1
github.com/arl/evolve/selection/stochastic_universal_sampling.go:40.27,42.3 1 1
github.com/arl/evolve/selection/stochastic_universal_sampling.go:53.27,62.31 2 1
github.com/arl/evolve/selection/stochastic_universal_sampling.go:62.31,65.4 2 1
github.com/arl/evolve/selection/stochastic_universal_sampling.go:70.52,70.94 1 0
github.com/arl/evolve/selection/stochastic_universal_sampling.go:72.61,73.13 1 1
github.com/arl/evolve/selection/stochastic_universal_sampling.go:79.2,79.18 1 1
github.com/arl/evolve/selection/stochastic_universal_sampling.go:82.2,82.20 1 1
github.com/arl/evolve/selection/stochastic_universal_sampling.go:73.13,75.3 1 1
github.com/arl/evolve/selection/stochastic_universal_sampling.go:79.18,81.3 1 0
github.com/arl/evolve/selection/tournament.go:28.34,31.2 1 1
github.com/arl/evolve/selection/tournament.go:41.51,42.31 1 1
github.com/arl/evolve/selection/tournament.go:45.2,47.12 3 1
github.com/arl/evolve/selection/tournament.go:42.31,44.3 1 1
github.com/arl/evolve/selection/tournament.go:58.60,59.41 1 1
github.com/arl/evolve/selection/tournament.go:62.2,65.12 4 0
github.com/arl/evolve/selection/tournament.go:59.41,61.3 1 1
github.com/arl/evolve/selection/tournament.go:73.32,76.28 2 1
github.com/arl/evolve/selection/tournament.go:102.2,102.12 1 1
github.com/arl/evolve/selection/tournament.go:76.28,84.17 4 1
github.com/arl/evolve/selection/tournament.go:88.3,88.38 1 1
github.com/arl/evolve/selection/tournament.go:84.17,86.4 1 0
github.com/arl/evolve/selection/tournament.go:88.38,89.37 1 1
github.com/arl/evolve/selection/tournament.go:89.37,91.5 1 1
github.com/arl/evolve/selection/tournament.go:91.10,93.5 1 1
github.com/arl/evolve/selection/tournament.go:94.9,95.37 1 1
github.com/arl/evolve/selection/tournament.go:95.37,97.5 1 1
github.com/arl/evolve/selection/tournament.go:97.10,99.5 1 1
github.com/arl/evolve/selection/tournament.go:105.39,107.16 2 0
github.com/arl/evolve/selection/tournament.go:110.2,110.32 1 0
github.com/arl/evolve/selection/tournament.go:107.16,109.3 1 0
github.com/arl/evolve/selection/truncation.go:29.34,31.2 1 1
github.com/arl/evolve/selection/truncation.go:37.53,38.33 1 1
github.com/arl/evolve/selection/truncation.go:41.2,43.12 3 1
github.com/arl/evolve/selection/truncation.go:38.33,40.3 1 1
github.com/arl/evolve/selection/truncation.go:54.61,55.42 1 1
github.com/arl/evolve/selection/truncation.go:58.2,61.12 4 1
github.com/arl/evolve/selection/truncation.go:55.42,57.3 1 1
github.com/arl/evolve/selection/truncation.go:75.107,82.17 3 1
github.com/arl/evolve/selection/truncation.go:86.2,87.21 2 1
github.com/arl/evolve/selection/truncation.go:91.2,91.6 1 1
github.com/arl/evolve/selection/truncation.go:100.2,100.12 1 1
github.com/arl/evolve/selection/truncation.go:82.17,84.3 1 0
github.com/arl/evolve/selection/truncation.go:87.21,89.3 1 0
github.com/arl/evolve/selection/truncation.go:91.6,93.30 2 1
github.com/arl/evolve/selection/truncation.go:96.3,96.23 1 1
github.com/arl/evolve/selection/truncation.go:93.30,95.4 1 1
github.com/arl/evolve/selection/truncation.go:96.23,97.9 1 1
github.com/arl/evolve/selection/truncation.go:103.39,105.17 2 0
github.com/arl/evolve/selection/truncation.go:108.2,108.59 1 0
github.com/arl/evolve/selection/truncation.go:105.17,107.3 1 0
github.com/arl/evolve/selection/truncation.go:112.27,113.11 1 1
github.com/arl/evolve/selection/truncation.go:116.2,116.10 1 1
github.com/arl/evolve/selection/truncation.go:113.11,115.3 1 0
github.com/arl/evolve/selection/identity.go:17.32,20.28 2 0
github.com/arl/evolve/selection/identity.go:23.2,23.12 1 0
github.com/arl/evolve/selection/identity.go:20.28,22.3 1 0
github.com/arl/evolve/selection/identity.go:26.33,26.64 1 0
github.com/arl/evolve/selection/rank.go:37.32,40.27 2 1
github.com/arl/evolve/selection/rank.go:47.2,47.52 1 1
github.com/arl/evolve/selection/rank.go:40.27,46.3 1 1
github.com/arl/evolve/selection/rank.go:50.34,50.67 1 0
github.com/arl/evolve/selection/rank.go:64.45,64.76 1 1
github.com/arl/evolve/selection/roulette_wheel.go:37.32,48.32 3 1
github.com/arl/evolve/selection/roulette_wheel.go:53.2,54.28 2 1
github.com/arl/evolve/selection/roulette_wheel.go:63.2,63.12 1 1
github.com/arl/evolve/selection/roulette_wheel.go:48.32,51.3 2 1
github.com/arl/evolve/selection/roulette_wheel.go:54.28,57.12 3 1
github.com/arl/evolve/selection/roulette_wheel.go:61.3,61.28 1 1
github.com/arl/evolve/selection/roulette_wheel.go:57.12,60.4 1 0
github.com/arl/evolve/selection/roulette_wheel.go:66.38,66.75 1 0
github.com/arl/evolve/selection/roulette_wheel.go:68.21,69.11 1 0
github.com/arl/evolve/selection/roulette_wheel.go:72.2,72.10 1 0
github.com/arl/evolve/selection/roulette_wheel.go:69.11,71.3 1 0
github.com/arl/evolve/pkg/mt19937/mt19937.go:56.31,60.2 3 1
github.com/arl/evolve/pkg/mt19937/mt19937.go:64.37,67.33 3 1
github.com/arl/evolve/pkg/mt19937/mt19937.go:70.2,70.14 1 1
github.com/arl/evolve/pkg/mt19937/mt19937.go:67.33,69.3 1 1
github.com/arl/evolve/pkg/mt19937/mt19937.go:75.48,82.11 6 0
github.com/arl/evolve/pkg/mt19937/mt19937.go:85.2,85.12 1 0
github.com/arl/evolve/pkg/mt19937/mt19937.go:99.2,99.35 1 0
github.com/arl/evolve/pkg/mt19937/mt19937.go:107.2,107.16 1 0
github.com/arl/evolve/pkg/mt19937/mt19937.go:82.11,84.3 1 0
github.com/arl/evolve/pkg/mt19937/mt19937.go:85.12,89.13 3 0
github.com/arl/evolve/pkg/mt19937/mt19937.go:93.3,94.20 2 0
github.com/arl/evolve/pkg/mt19937/mt19937.go:97.3,97.6 1 0
github.com/arl/evolve/pkg/mt19937/mt19937.go:89.13,92.4 2 0
github.com/arl/evolve/pkg/mt19937/mt19937.go:94.20,96.4 1 0
github.com/arl/evolve/pkg/mt19937/mt19937.go:99.35,102.13 3 0
github.com/arl/evolve/pkg/mt19937/mt19937.go:102.13,105.4 2 0
github.com/arl/evolve/pkg/mt19937/mt19937.go:113.36,115.19 2 0
github.com/arl/evolve/pkg/mt19937/mt19937.go:128.2,134.10 7 0
github.com/arl/evolve/pkg/mt19937/mt19937.go:115.19,116.28 1 0
github.com/arl/evolve/pkg/mt19937/mt19937.go:120.3,120.32 1 0
github.com/arl/evolve/pkg/mt19937/mt19937.go:124.3,126.15 3 0
github.com/arl/evolve/pkg/mt19937/mt19937.go:116.28,119.4 2 0
github.com/arl/evolve/pkg/mt19937/mt19937.go:120.32,123.4 2 0
github.com/arl/evolve/pkg/mt19937/mt19937.go:141.34,143.19 2 1
github.com/arl/evolve/pkg/mt19937/mt19937.go:156.2,162.38 7 1
github.com/arl/evolve/pkg/mt19937/mt19937.go:143.19,144.28 1 1
github.com/arl/evolve/pkg/mt19937/mt19937.go:148.3,148.32 1 1
github.com/arl/evolve/pkg/mt19937/mt19937.go:152.3,154.15 3 1
github.com/arl/evolve/pkg/mt19937/mt19937.go:144.28,147.4 2 1
github.com/arl/evolve/pkg/mt19937/mt19937.go:148.32,151.4 2 1
github.com/arl/evolve/pkg/mt19937/mt19937.go:168.54,169.20 1 0
github.com/arl/evolve/pkg/mt19937/mt19937.go:181.2,181.16 1 0
github.com/arl/evolve/pkg/mt19937/mt19937.go:189.2,189.15 1 0
github.com/arl/evolve/pkg/mt19937/mt19937.go:169.20,180.3 10 0
github.com/arl/evolve/pkg/mt19937/mt19937.go:181.16,183.18 2 0
github.com/arl/evolve/pkg/mt19937/mt19937.go:183.18,187.4 3 0
